2022-09-19 17:21:46.660 [main] INFO  com.addressbook.App - Welcome to Address Book Program
2022-09-19 17:21:46.691 [main] INFO  com.addressbook.App - Give choice 1. Create a contact: 2: Display Contacts
2022-09-19 17:21:49.796 [main] INFO  com.addressbook.App - Enter first name :
2022-09-19 17:21:50.514 [main] INFO  com.addressbook.App - Enter last name :
2022-09-19 17:21:50.756 [main] INFO  com.addressbook.App - Enter address :
2022-09-19 17:21:50.947 [main] INFO  com.addressbook.App - Enter city :
2022-09-19 17:21:51.117 [main] INFO  com.addressbook.App - Enter state :
2022-09-19 17:21:51.257 [main] INFO  com.addressbook.App - Enter zip code :
2022-09-19 17:21:51.454 [main] INFO  com.addressbook.App - Enter phone number :
2022-09-19 17:21:52.568 [main] INFO  com.addressbook.App - Enter email Id :
2022-09-19 17:21:53.550 [main] INFO  com.addressbook.App - Welcome to Address Book Program
2022-09-19 17:21:53.552 [main] INFO  com.addressbook.App - Give choice 1. Create a contact: 2: Display Contacts
2022-09-19 17:21:56.801 [main] INFO  com.addressbook.App - [Contact [address=sad, city=sa, emailId=sd, firstName=sad, lastName=asd, phoneNumber=sasad, state=d, zip=sad]]
2022-09-19 17:21:56.802 [main] INFO  com.addressbook.App - Welcome to Address Book Program
2022-09-19 17:21:56.803 [main] INFO  com.addressbook.App - Give choice 1. Create a contact: 2: Display Contacts
2022-09-19 17:21:59.304 [main] INFO  com.addressbook.App - Enter first name :
2022-09-19 17:21:59.702 [main] INFO  com.addressbook.App - Enter last name :
2022-09-19 17:21:59.834 [main] INFO  com.addressbook.App - Enter address :
2022-09-19 17:22:00.016 [main] INFO  com.addressbook.App - Enter city :
2022-09-19 17:22:00.201 [main] INFO  com.addressbook.App - Enter state :
2022-09-19 17:22:00.413 [main] INFO  com.addressbook.App - Enter zip code :
2022-09-19 17:22:00.538 [main] INFO  com.addressbook.App - Enter phone number :
2022-09-19 17:22:00.706 [main] INFO  com.addressbook.App - Enter email Id :
2022-09-19 17:22:01.274 [main] INFO  com.addressbook.App - Welcome to Address Book Program
2022-09-19 17:22:01.278 [main] INFO  com.addressbook.App - Give choice 1. Create a contact: 2: Display Contacts
2022-09-19 17:22:03.725 [main] INFO  com.addressbook.App - [Contact [address=sad, city=sa, emailId=sd, firstName=sad, lastName=asd, phoneNumber=sasad, state=d, zip=sad], Contact [address=sad, city=sad, emailId=sa, firstName=sad, lastName=, phoneNumber=adsd, state=, zip=ad]]
2022-09-19 17:22:03.728 [main] INFO  com.addressbook.App - Welcome to Address Book Program
2022-09-19 17:22:03.728 [main] INFO  com.addressbook.App - Give choice 1. Create a contact: 2: Display Contacts
