2022-09-18 16:00:15.652 [main] INFO  com.addressbooksystem.App - Welcome to Address Book Program
2022-09-18 16:00:15.657 [main] INFO  com.addressbooksystem.App - Give choice 1. Create a contact: 
2022-09-18 16:01:41.623 [main] INFO  com.addressbooksystem.App - Rahul
2022-09-18 16:01:41.624 [main] INFO  com.addressbooksystem.App - Gaur
2022-09-18 16:01:41.624 [main] INFO  com.addressbooksystem.App - Khandala
2022-09-18 16:01:41.624 [main] INFO  com.addressbooksystem.App - Pune
2022-09-18 16:01:41.625 [main] INFO  com.addressbooksystem.App - Maharashtra
2022-09-18 16:01:41.625 [main] INFO  com.addressbooksystem.App - 41-3-1
2022-09-18 16:01:41.625 [main] INFO  com.addressbooksystem.App - 968916955
2022-09-18 16:01:41.625 [main] INFO  com.addressbooksystem.App - gaur@gmail.com
2022-09-18 16:03:40.606 [main] INFO  com.addressbooksystem.App - Welcome to Address Book Program
2022-09-18 16:03:40.606 [main] INFO  com.addressbooksystem.App - Give choice 1. Create a contact: 
2022-09-18 16:03:59.806 [main] INFO  com.addressbooksystem.App - Rahul
2022-09-18 16:03:59.806 [main] INFO  com.addressbooksystem.App - Gaur
2022-09-18 16:03:59.806 [main] INFO  com.addressbooksystem.App - Khandala
2022-09-18 16:03:59.807 [main] INFO  com.addressbooksystem.App - Pune
2022-09-18 16:03:59.808 [main] INFO  com.addressbooksystem.App - Maharashtra
2022-09-18 16:03:59.808 [main] INFO  com.addressbooksystem.App - 41-3-1
2022-09-18 16:03:59.809 [main] INFO  com.addressbooksystem.App - 968916955
2022-09-18 16:03:59.810 [main] INFO  com.addressbooksystem.App - gaur@gmail.com
2022-09-18 16:14:59.397 [main] INFO  com.addressbooksystem.App - Welcome to Address Book Program
2022-09-18 16:14:59.408 [main] INFO  com.addressbooksystem.App - Rahul
2022-09-18 16:14:59.411 [main] INFO  com.addressbooksystem.App - Gaur
2022-09-18 16:14:59.415 [main] INFO  com.addressbooksystem.App - Khandala
2022-09-18 16:14:59.417 [main] INFO  com.addressbooksystem.App - Pune
2022-09-18 16:14:59.421 [main] INFO  com.addressbooksystem.App - Maharashtra
2022-09-18 16:14:59.422 [main] INFO  com.addressbooksystem.App - 410-301
2022-09-18 16:14:59.427 [main] INFO  com.addressbooksystem.App - 9689516995
2022-09-18 16:14:59.433 [main] INFO  com.addressbooksystem.App - gaur.rahul996@gmail.com
2022-09-18 16:15:11.880 [main] INFO  com.addressbooksystem.App - Welcome to Address Book Program
2022-09-18 16:15:11.884 [main] INFO  com.addressbooksystem.App - Rahul
2022-09-18 16:15:11.885 [main] INFO  com.addressbooksystem.App - Gaur
2022-09-18 16:15:11.885 [main] INFO  com.addressbooksystem.App - Khandala
2022-09-18 16:15:11.885 [main] INFO  com.addressbooksystem.App - Pune
2022-09-18 16:15:11.886 [main] INFO  com.addressbooksystem.App - Maharashtra
2022-09-18 16:15:11.886 [main] INFO  com.addressbooksystem.App - 410-301
2022-09-18 16:15:11.886 [main] INFO  com.addressbooksystem.App - 9689516995
2022-09-18 16:15:11.888 [main] INFO  com.addressbooksystem.App - gaur.rahul996@gmail.com
